<?xml version="1.0" encoding="UTF-8"?>
<!-- Generated by org.testng.reporters.JUnitXMLReporter -->
<testsuite ignored="0" hostname="LTIN521670" failures="0" tests="3" name="Test2" time="51.347" errors="0" timestamp="2025-01-22T10:32:41 IST">
  <testcase classname="LowestCharges.TC_1_Book_Cab" name="bookCab" time="20.824"/>
  <testcase classname="LowestCharges.TC_2_Gift_Card" name="gift_card" time="8.784"/>
  <testcase classname="LowestCharges.TC_3_Hotel_Booking" name="hotel" time="1.631"/>
</testsuite> <!-- Test2 -->
