<?xml version="1.0" encoding="UTF-8"?>
<!-- Generated by org.testng.reporters.JUnitXMLReporter -->
<testsuite ignored="0" hostname="LTIN521670" failures="0" tests="3" name="Test" time="48.996" errors="0" timestamp="2025-01-22T10:32:38 IST">
  <testcase classname="LowestCharges.TC_1_Book_Cab" name="bookCab" time="20.668"/>
  <testcase classname="LowestCharges.TC_2_Gift_Card" name="gift_card" time="8.815"/>
  <testcase classname="LowestCharges.TC_3_Hotel_Booking" name="hotel" time="1.587"/>
</testsuite> <!-- Test -->
