<?xml version="1.0" encoding="UTF-8"?>
<testng-results ignored="0" total="3" passed="3" failed="0" skipped="0">
  <reporter-output>
  </reporter-output>
  <suite started-at="2025-02-03T11:35:44 IST" name="Suite" finished-at="2025-02-03T11:36:14 IST" duration-ms="29591">
    <groups>
    </groups>
    <test started-at="2025-02-03T11:35:44 IST" name="chromeTest3" finished-at="2025-02-03T11:36:03 IST" duration-ms="18887">
      <class name="LowestCharges.TC_3_Hotel_Booking">
        <test-method is-config="true" signature="DriverSetup(java.lang.String)[pri:0, instance:LowestCharges.TC_3_Hotel_Booking@2d52216b]" started-at="2025-02-03T11:35:44 IST" name="DriverSetup" finished-at="2025-02-03T11:35:56 IST" duration-ms="11521" status="PASS">
          <params>
            <param index="0">
              <value>
                <![CDATA[chrome]]>
              </value>
            </param>
          </params>
          <reporter-output>
          </reporter-output>
        </test-method> <!-- DriverSetup -->
        <test-method is-config="true" signature="closePopup()[pri:0, instance:LowestCharges.TC_3_Hotel_Booking@2d52216b]" started-at="2025-02-03T11:35:56 IST" name="closePopup" finished-at="2025-02-03T11:35:57 IST" duration-ms="1299" status="PASS">
          <reporter-output>
          </reporter-output>
        </test-method> <!-- closePopup -->
        <test-method signature="hotel()[pri:3, instance:LowestCharges.TC_3_Hotel_Booking@2d52216b]" started-at="2025-02-03T11:35:57 IST" name="hotel" finished-at="2025-02-03T11:35:58 IST" duration-ms="1149" status="PASS">
          <reporter-output>
          </reporter-output>
        </test-method> <!-- hotel -->
        <test-method is-config="true" signature="closeApp()[pri:0, instance:LowestCharges.TC_3_Hotel_Booking@2d52216b]" started-at="2025-02-03T11:35:58 IST" name="closeApp" finished-at="2025-02-03T11:36:03 IST" duration-ms="4611" status="PASS">
          <reporter-output>
          </reporter-output>
        </test-method> <!-- closeApp -->
      </class> <!-- LowestCharges.TC_3_Hotel_Booking -->
    </test> <!-- chromeTest3 -->
    <test started-at="2025-02-03T11:35:44 IST" name="chromeTest1" finished-at="2025-02-03T11:36:13 IST" duration-ms="29019">
      <class name="LowestCharges.TC_1_Book_Cab">
        <test-method is-config="true" signature="DriverSetup(java.lang.String)[pri:0, instance:LowestCharges.TC_1_Book_Cab@2805d709]" started-at="2025-02-03T11:35:44 IST" name="DriverSetup" finished-at="2025-02-03T11:35:54 IST" duration-ms="9763" status="PASS">
          <params>
            <param index="0">
              <value>
                <![CDATA[chrome]]>
              </value>
            </param>
          </params>
          <reporter-output>
          </reporter-output>
        </test-method> <!-- DriverSetup -->
        <test-method is-config="true" signature="closePopup()[pri:0, instance:LowestCharges.TC_1_Book_Cab@2805d709]" started-at="2025-02-03T11:35:54 IST" name="closePopup" finished-at="2025-02-03T11:36:01 IST" duration-ms="6904" status="PASS">
          <reporter-output>
          </reporter-output>
        </test-method> <!-- closePopup -->
        <test-method signature="bookCab()[pri:1, instance:LowestCharges.TC_1_Book_Cab@2805d709]" started-at="2025-02-03T11:36:01 IST" name="bookCab" finished-at="2025-02-03T11:36:11 IST" duration-ms="9365" status="PASS">
          <reporter-output>
          </reporter-output>
        </test-method> <!-- bookCab -->
        <test-method is-config="true" signature="closeApp()[pri:0, instance:LowestCharges.TC_1_Book_Cab@2805d709]" started-at="2025-02-03T11:36:11 IST" name="closeApp" finished-at="2025-02-03T11:36:13 IST" duration-ms="2686" status="PASS">
          <reporter-output>
          </reporter-output>
        </test-method> <!-- closeApp -->
      </class> <!-- LowestCharges.TC_1_Book_Cab -->
    </test> <!-- chromeTest1 -->
    <test started-at="2025-02-03T11:35:44 IST" name="chromeTest2" finished-at="2025-02-03T11:36:14 IST" duration-ms="29591">
      <class name="LowestCharges.TC_2_Gift_Card">
        <test-method is-config="true" signature="DriverSetup(java.lang.String)[pri:0, instance:LowestCharges.TC_2_Gift_Card@52b1beb6]" started-at="2025-02-03T11:35:44 IST" name="DriverSetup" finished-at="2025-02-03T11:36:01 IST" duration-ms="16371" status="PASS">
          <params>
            <param index="0">
              <value>
                <![CDATA[chrome]]>
              </value>
            </param>
          </params>
          <reporter-output>
          </reporter-output>
        </test-method> <!-- DriverSetup -->
        <test-method is-config="true" signature="closePopup()[pri:0, instance:LowestCharges.TC_2_Gift_Card@52b1beb6]" started-at="2025-02-03T11:36:01 IST" name="closePopup" finished-at="2025-02-03T11:36:03 IST" duration-ms="1832" status="PASS">
          <reporter-output>
          </reporter-output>
        </test-method> <!-- closePopup -->
        <test-method signature="gift_card()[pri:0, instance:LowestCharges.TC_2_Gift_Card@52b1beb6]" started-at="2025-02-03T11:36:03 IST" name="gift_card" finished-at="2025-02-03T11:36:11 IST" duration-ms="8128" status="PASS">
          <reporter-output>
          </reporter-output>
        </test-method> <!-- gift_card -->
        <test-method is-config="true" signature="closeApp()[pri:0, instance:LowestCharges.TC_2_Gift_Card@52b1beb6]" started-at="2025-02-03T11:36:11 IST" name="closeApp" finished-at="2025-02-03T11:36:14 IST" duration-ms="2974" status="PASS">
          <reporter-output>
          </reporter-output>
        </test-method> <!-- closeApp -->
      </class> <!-- LowestCharges.TC_2_Gift_Card -->
    </test> <!-- chromeTest2 -->
  </suite> <!-- Suite -->
</testng-results>
