<?xml version="1.0" encoding="UTF-8"?>
<testng-results ignored="0" total="3" passed="3" failed="0" skipped="0">
  <reporter-output>
  </reporter-output>
  <suite started-at="2025-01-27T11:14:05 IST" name="Suite" finished-at="2025-01-27T11:14:33 IST" duration-ms="27695">
    <groups>
    </groups>
    <test started-at="2025-01-27T11:14:05 IST" name="chromeTest3" finished-at="2025-01-27T11:14:25 IST" duration-ms="19908">
      <class name="LowestCharges.TC_3_Hotel_Booking">
        <test-method is-config="true" signature="DriverSetup(java.lang.String)[pri:0, instance:LowestCharges.TC_3_Hotel_Booking@2d52216b]" started-at="2025-01-27T11:14:06 IST" name="DriverSetup" finished-at="2025-01-27T11:14:17 IST" duration-ms="11381" status="PASS">
          <params>
            <param index="0">
              <value>
                <![CDATA[chrome]]>
              </value>
            </param>
          </params>
          <reporter-output>
          </reporter-output>
        </test-method> <!-- DriverSetup -->
        <test-method is-config="true" signature="closePopup()[pri:0, instance:LowestCharges.TC_3_Hotel_Booking@2d52216b]" started-at="2025-01-27T11:14:17 IST" name="closePopup" finished-at="2025-01-27T11:14:19 IST" duration-ms="1921" status="PASS">
          <reporter-output>
          </reporter-output>
        </test-method> <!-- closePopup -->
        <test-method signature="hotel()[pri:3, instance:LowestCharges.TC_3_Hotel_Booking@2d52216b]" started-at="2025-01-27T11:14:19 IST" name="hotel" finished-at="2025-01-27T11:14:21 IST" duration-ms="2076" status="PASS">
          <reporter-output>
          </reporter-output>
        </test-method> <!-- hotel -->
        <test-method is-config="true" signature="closeApp()[pri:0, instance:LowestCharges.TC_3_Hotel_Booking@2d52216b]" started-at="2025-01-27T11:14:21 IST" name="closeApp" finished-at="2025-01-27T11:14:25 IST" duration-ms="4068" status="PASS">
          <reporter-output>
          </reporter-output>
        </test-method> <!-- closeApp -->
      </class> <!-- LowestCharges.TC_3_Hotel_Booking -->
    </test> <!-- chromeTest3 -->
    <test started-at="2025-01-27T11:14:05 IST" name="chromeTest1" finished-at="2025-01-27T11:14:29 IST" duration-ms="24249">
      <class name="LowestCharges.TC_1_Book_Cab">
        <test-method is-config="true" signature="DriverSetup(java.lang.String)[pri:0, instance:LowestCharges.TC_1_Book_Cab@2805d709]" started-at="2025-01-27T11:14:05 IST" name="DriverSetup" finished-at="2025-01-27T11:14:15 IST" duration-ms="9602" status="PASS">
          <params>
            <param index="0">
              <value>
                <![CDATA[chrome]]>
              </value>
            </param>
          </params>
          <reporter-output>
          </reporter-output>
        </test-method> <!-- DriverSetup -->
        <test-method is-config="true" signature="closePopup()[pri:0, instance:LowestCharges.TC_1_Book_Cab@2805d709]" started-at="2025-01-27T11:14:15 IST" name="closePopup" finished-at="2025-01-27T11:14:16 IST" duration-ms="1163" status="PASS">
          <reporter-output>
          </reporter-output>
        </test-method> <!-- closePopup -->
        <test-method signature="bookCab()[pri:1, instance:LowestCharges.TC_1_Book_Cab@2805d709]" started-at="2025-01-27T11:14:16 IST" name="bookCab" finished-at="2025-01-27T11:14:27 IST" duration-ms="10847" status="PASS">
          <reporter-output>
          </reporter-output>
        </test-method> <!-- bookCab -->
        <test-method is-config="true" signature="closeApp()[pri:0, instance:LowestCharges.TC_1_Book_Cab@2805d709]" started-at="2025-01-27T11:14:27 IST" name="closeApp" finished-at="2025-01-27T11:14:29 IST" duration-ms="2411" status="PASS">
          <reporter-output>
          </reporter-output>
        </test-method> <!-- closeApp -->
      </class> <!-- LowestCharges.TC_1_Book_Cab -->
    </test> <!-- chromeTest1 -->
    <test started-at="2025-01-27T11:14:05 IST" name="chromeTest2" finished-at="2025-01-27T11:14:33 IST" duration-ms="27695">
      <class name="LowestCharges.TC_2_Gift_Card">
        <test-method is-config="true" signature="DriverSetup(java.lang.String)[pri:0, instance:LowestCharges.TC_2_Gift_Card@52b1beb6]" started-at="2025-01-27T11:14:06 IST" name="DriverSetup" finished-at="2025-01-27T11:14:16 IST" duration-ms="10249" status="PASS">
          <params>
            <param index="0">
              <value>
                <![CDATA[chrome]]>
              </value>
            </param>
          </params>
          <reporter-output>
          </reporter-output>
        </test-method> <!-- DriverSetup -->
        <test-method is-config="true" signature="closePopup()[pri:0, instance:LowestCharges.TC_2_Gift_Card@52b1beb6]" started-at="2025-01-27T11:14:16 IST" name="closePopup" finished-at="2025-01-27T11:14:22 IST" duration-ms="6004" status="PASS">
          <reporter-output>
          </reporter-output>
        </test-method> <!-- closePopup -->
        <test-method signature="gift_card()[pri:0, instance:LowestCharges.TC_2_Gift_Card@52b1beb6]" started-at="2025-01-27T11:14:22 IST" name="gift_card" finished-at="2025-01-27T11:14:30 IST" duration-ms="8543" status="PASS">
          <reporter-output>
          </reporter-output>
        </test-method> <!-- gift_card -->
        <test-method is-config="true" signature="closeApp()[pri:0, instance:LowestCharges.TC_2_Gift_Card@52b1beb6]" started-at="2025-01-27T11:14:30 IST" name="closeApp" finished-at="2025-01-27T11:14:33 IST" duration-ms="2494" status="PASS">
          <reporter-output>
          </reporter-output>
        </test-method> <!-- closeApp -->
      </class> <!-- LowestCharges.TC_2_Gift_Card -->
    </test> <!-- chromeTest2 -->
  </suite> <!-- Suite -->
</testng-results>
